<?xml version="1.0" encoding="UTF-8"?>
<testng-results skipped="0" failed="0" total="1" passed="1">
  <reporter-output>
  </reporter-output>
  <suite name="SuiteForAppTest" duration-ms="14384" started-at="2017-03-04T19:10:18Z" finished-at="2017-03-04T19:10:32Z">
    <groups>
    </groups>
    <test name="Test" duration-ms="14384" started-at="2017-03-04T19:10:18Z" finished-at="2017-03-04T19:10:32Z">
      <class name="Tests.AppTest">
        <test-method status="PASS" signature="navigate(java.lang.String)[pri:0, instance:Tests.AppTest@5d0a1059]" name="navigate" is-config="true" duration-ms="4896" started-at="2017-03-04T14:10:18Z" finished-at="2017-03-04T14:10:23Z">
          <params>
            <param index="0">
              <value>
                <![CDATA[http://automationpractice.com]]>
              </value>
            </param>
          </params>
          <reporter-output>
          </reporter-output>
        </test-method> <!-- navigate -->
        <test-method status="PASS" signature="buyProduct(java.lang.String, java.lang.String, java.lang.String)[pri:0, instance:Tests.AppTest@5d0a1059]" name="buyProduct" duration-ms="9467" started-at="2017-03-04T14:10:23Z" finished-at="2017-03-04T14:10:32Z">
          <params>
            <param index="0">
              <value>
                <![CDATA[helloword@gmail.com]]>
              </value>
            </param>
            <param index="1">
              <value>
                <![CDATA[123456]]>
              </value>
            </param>
            <param index="2">
              <value>
                <![CDATA[dress]]>
              </value>
            </param>
          </params>
          <reporter-output>
          </reporter-output>
        </test-method> <!-- buyProduct -->
        <test-method status="PASS" signature="OnFailure(org.testng.ITestResult)[pri:0, instance:Tests.AppTest@5d0a1059]" name="OnFailure" is-config="true" duration-ms="2" started-at="2017-03-04T14:10:32Z" finished-at="2017-03-04T14:10:32Z">
          <params>
            <param index="0">
              <value>
                <![CDATA[[TestResult name=buyProduct status=SUCCESS method=AppTest.buyProduct(java.lang.String, java.lang.String, java.lang.String)[pri:0, instance:Tests.AppTest@5d0a1059] output={null}]]]>
              </value>
            </param>
          </params>
          <reporter-output>
          </reporter-output>
        </test-method> <!-- OnFailure -->
        <test-method status="PASS" signature="executeClose()[pri:0, instance:Tests.AppTest@5d0a1059]" name="executeClose" is-config="true" duration-ms="1404" started-at="2017-03-04T14:10:32Z" finished-at="2017-03-04T14:10:34Z">
          <reporter-output>
          </reporter-output>
        </test-method> <!-- executeClose -->
      </class> <!-- Tests.AppTest -->
    </test> <!-- Test -->
  </suite> <!-- SuiteForAppTest -->
</testng-results>
