<?xml version="1.0" encoding="UTF-8"?>
<!-- Generated by org.testng.reporters.JUnitXMLReporter -->
<testsuite hostname="userjudi-PC" name="Test" tests="5" failures="0" timestamp="3 Mar 2017 21:28:40 GMT" time="9.989" errors="0">
  <testcase name="goToLogin" time="0.093" classname="Tests.AppTest"/>
  <testcase name="initSession" time="2.343" classname="Tests.AppTest"/>
  <testcase name="searchProductInStore" time="0.132" classname="Tests.AppTest"/>
  <testcase name="selectProduct" time="1.314" classname="Tests.AppTest"/>
  <testcase name="buyProduct" time="1.397" classname="Tests.AppTest"/>
</testsuite> <!-- Test -->
